<?xml version="1.0" encoding="UTF-8"?>
<!-- Generated by org.testng.reporters.JUnitReportReporter -->
<testsuite hostname="Senthil" failures="0" tests="1" name="testscripts.AddtoCartTest" time="8.593" errors="0" timestamp="2023-05-29T11:17:37 IST" skipped="0">
  <testcase classname="testscripts.AddtoCartTest" name="addtocartTest" time="8.593"/>
  <system-out/>
</testsuite> <!-- testscripts.AddtoCartTest -->
