<?xml version="1.0" encoding="UTF-8"?>
<!-- Generated by org.testng.reporters.JUnitReportReporter -->
<testsuite hostname="Senthil" failures="0" tests="1" name="testscripts.SendContactDetailesTest" time="13.468" errors="0" timestamp="2023-05-29T11:17:07 IST" skipped="0">
  <testcase classname="testscripts.SendContactDetailesTest" name="sendContactDetailesTest" time="13.468"/>
  <system-out/>
</testsuite> <!-- testscripts.SendContactDetailesTest -->
